<?xml version="1.0" encoding="UTF-8"?>
<!-- Generated by org.testng.reporters.JUnitReportReporter -->
<testsuite hostname="gdc-486-lpt" failures="0" tests="1" name="com.testcases.LoginTestCase" time="8.130" errors="0" timestamp="2022-05-19T21:00:25 IST" skipped="0">
  <testcase classname="com.testcases.LoginTestCase" name="login" time="8.130"/>
  <system-out/>
</testsuite> <!-- com.testcases.LoginTestCase -->
